[29-Jan-2023 17:52:38] NOTICE: fpm is running, pid 4024877
[29-Jan-2023 17:52:38] NOTICE: ready to handle connections
[29-Jan-2023 23:23:36] NOTICE: Terminating ...
[29-Jan-2023 23:23:36] NOTICE: Terminating ...
[29-Jan-2023 23:23:36] NOTICE: exiting, bye-bye!
[30-Jan-2023 10:40:23] NOTICE: fpm is running, pid 4050523
[30-Jan-2023 10:40:23] NOTICE: ready to handle connections
[30-Jan-2023 21:49:37] NOTICE: Terminating ...
[30-Jan-2023 21:49:37] NOTICE: Terminating ...
[30-Jan-2023 21:49:37] NOTICE: exiting, bye-bye!
[31-Jan-2023 12:47:36] NOTICE: fpm is running, pid 4093838
[31-Jan-2023 12:47:36] NOTICE: ready to handle connections
[31-Jan-2023 21:44:19] NOTICE: Terminating ...
[31-Jan-2023 21:44:19] NOTICE: Terminating ...
[31-Jan-2023 21:44:19] NOTICE: exiting, bye-bye!
[01-Feb-2023 14:54:27] NOTICE: fpm is running, pid 4149757
[01-Feb-2023 14:54:27] NOTICE: ready to handle connections
[01-Feb-2023 15:53:00] NOTICE: Terminating ...
[01-Feb-2023 15:53:00] NOTICE: exiting, bye-bye!
[01-Feb-2023 16:44:01] NOTICE: fpm is running, pid 98354
[01-Feb-2023 16:44:01] NOTICE: ready to handle connections
